[ 2016-06-30T21:03:56+08:00 ] ERR: (ThinkException) Access denied for user 'root'@'localhost' (using password: YES)
[ 2016-06-30T21:04:21+08:00 ] 0.0.0.0 /JxnuOJ/index.php/Index/index
INFO: [ route_check ] --START--
INFO: Run CheckRoute Behavior [ RunTime:0.003632s ]
INFO: [ route_check ] --END-- [ RunTime:0.003752s ]
INFO: [ app_begin ] --START--
INFO: Run ReadHtmlCache Behavior [ RunTime:0.000728s ]
INFO: [ app_begin ] --END-- [ RunTime:0.000819s ]
SQL: SHOW COLUMNS FROM `black_user` [ RunTime:0.005229s ]
SQL: SELECT COUNT(*) AS tp_count FROM `black_user` WHERE ( `ip` = '0.0.0.0' ) AND ( `status` = 1 ) LIMIT 1   [ RunTime:0.000393s ]
SQL: SHOW COLUMNS FROM `user` [ RunTime:0.003314s ]
SQL: SELECT * FROM `user` WHERE ( `id` = null ) LIMIT 1   [ RunTime:0.000344s ]
INFO: [ view_template ] --START--
INFO: Run LocationTemplate Behavior [ RunTime:0.001018s ]
INFO: [ view_template ] --END-- [ RunTime:0.001131s ]
INFO: [ view_parse ] --START--
INFO: Run ParseTemplate Behavior [ RunTime:0.010595s ]
INFO: [ view_parse ] --END-- [ RunTime:0.010698s ]
INFO: [ view_filter ] --START--
INFO: Run ContentReplace Behavior [ RunTime:0.000596s ]
INFO: Run TokenBuild Behavior [ RunTime:0.000525s ]
INFO: Run WriteHtmlCache Behavior [ RunTime:0.000379s ]
INFO: Run ShowRuntime Behavior [ RunTime:0.000580s ]
INFO: [ view_filter ] --END-- [ RunTime:0.002290s ]
INFO: [ view_end ] --START--
INFO: Run ShowPageTrace Behavior [ RunTime:0.000656s ]
INFO: [ view_end ] --END-- [ RunTime:0.000721s ]

